Removed Pin From Net: NetName=A Pin=K1-1
Removed Pin From Net: NetName=B Pin=K1-2
Removed Pin From Net: NetName=5V Pin=K1-3
Removed Pin From Net: NetName=GND33 Pin=K1-4
Removed Member From Class: ClassName=board Member=K1
Added Component: Designator=K?(KF128HL_2P)
Added Pin To Net: NetName=A Pin=K?-1
Added Pin To Net: NetName=B Pin=K?-2
Added Pin To Net: NetName=5V Pin=K?-3
Added Pin To Net: NetName=GND33 Pin=K?-4
Added Member To Class: ClassName=board Member=Component K2 Domino
Added Member To Class: ClassName=board Member=Component K3 Domino
Added Member To Class: ClassName=board Member=Component K4 Domino
Added Member To Class: ClassName=board Member=Component K5 Domino
Added Member To Class: ClassName=board Member=Component K6 Domino
Added Member To Class: ClassName=board Member=Component K7 Domino
Added Member To Class: ClassName=board Member=Component K8 Domino
Added Member To Class: ClassName=board Member=Component K9 Domino
Added Member To Class: ClassName=board Member=Component K10 Domino
Added Member To Class: ClassName=board Member=Component K11 Domino
Added Member To Class: ClassName=board Member=Component K12 Domino
Added Member To Class: ClassName=board Member=Component K13 Domino
Added Member To Class: ClassName=board Member=Component K14 Domino
Added Member To Class: ClassName=board Member=Component K15 Domino
Added Member To Class: ClassName=board Member=Component K? Domino
Added Room: Name=board
