Removed Pin From Net: NetName=GND_33 Pin=C10-1
Removed Pin From Net: NetName=5V Pin=C10-2
Removed Pin From Net: NetName=GND_24 Pin=KF1-1
Removed Pin From Net: NetName=24V_OUT Pin=KF1-2
Removed Pin From Net: NetName=24V_IN Pin=KF1-3
Removed Member From Class: ClassName=board Member=C10
Removed Member From Class: ClassName=board Member=KF1
Added Component: Designator=K16(KF128HL_2P)
Added Component: Designator=K17(KF128HL_2P)
Added Pin To Net: NetName=5V Pin=K16-1
Added Pin To Net: NetName=GND_33 Pin=K16-2
Added Pin To Net: NetName=3V3 Pin=K16-3
Added Pin To Net: NetName=GND_33 Pin=K16-4
Added Pin To Net: NetName=24V_IN Pin=K17-1
Added Pin To Net: NetName=24V_OUT Pin=K17-2
Added Pin To Net: NetName=GND_24 Pin=K17-3
Added Pin To Net: NetName=GND_24 Pin=K17-4
Added Member To Class: ClassName=board Member=Component K16 Domino
Added Member To Class: ClassName=board Member=Component K17 Domino
Added Room: Name=board
