Removed Pin From Net: NetName=GND Pin=DIO1-1
Removed Pin From Net: NetName=GND Pin=L2-2
Removed Pin From Net: NetName=OUT1 Pin=Q1-1
Removed Pin From Net: NetName=NetR2_1 Pin=R4-2
Removed Pin From Net: NetName=GND Pin=R5-1
Removed Pin From Net: NetName=GND Pin=U1-2
Removed Pin From Net: NetName=GND Pin=U1-3
Removed Pin From Net: NetName=3.3V Pin=U2-4
Removed Member From Class: ClassName=board Member=L2
Removed Member From Class: ClassName=board Member=Q1
Change Component Footprint: Designator=R1 Old Footprint=tro smd 0603 New Footprint=tro smd 0805
Change Component Comment : Designator=R6 Old Comment=1k New Comment=1.5k
Change Component Comment : Designator=R1 Old Comment=330R New Comment=1k
Change component parameters: Designator = "R1" ("R1"); Footprint = "tro smd 0603"; UniqueID = "\YPQDNWPK" ("\YPQDNWPK")
Change component parameters (AddParameter): Name = "Chung_Loai"; Value = "Dán"; VariantName = "[No Variations]"
Change component parameters (AddParameter): Name = "Don_Vi"; Value = "Con"; VariantName = "[No Variations]"
Change component parameters (AddParameter): Name = "Kieu_Chan"; Value = ""; VariantName = "[No Variations]"
Change component parameters (AddParameter): Name = "Ma_Hang"; Value = "MH005468"; VariantName = "[No Variations]"
Change component parameters (AddParameter): Name = "So_Chan"; Value = "2"; VariantName = "[No Variations]"
Change component parameters (AddParameter): Name = "Ten_Linh_Kien"; Value = "Tr? 0805 1% 1k"; VariantName = "[No Variations]"
Added Component: Designator=C1(tu 0805)
Add component (AddParameter): Name = "Chung_Loai"; Value = "Dán"; VariantName = "[No Variations]"
Add component (AddParameter): Name = "Don_Vi"; Value = "Con"; VariantName = "[No Variations]"
Add component (AddParameter): Name = "Kieu_Chan"; Value = ""; VariantName = "[No Variations]"
Add component (AddParameter): Name = "Ma_Hang"; Value = "MH004551"; VariantName = "[No Variations]"
Add component (AddParameter): Name = "So_Chan"; Value = "2"; VariantName = "[No Variations]"
Add component (AddParameter): Name = "Ten_Linh_Kien"; Value = "T? 0805 104-100nF 10% 50V"; VariantName = "[No Variations]"
Added Component: Designator=C2(tu 0805)
Add component (AddParameter): Name = "Chung_Loai"; Value = "Dán"; VariantName = "[No Variations]"
Add component (AddParameter): Name = "Don_Vi"; Value = "Con"; VariantName = "[No Variations]"
Add component (AddParameter): Name = "Kieu_Chan"; Value = ""; VariantName = "[No Variations]"
Add component (AddParameter): Name = "Ma_Hang"; Value = "MH004560"; VariantName = "[No Variations]"
Add component (AddParameter): Name = "So_Chan"; Value = "2"; VariantName = "[No Variations]"
Add component (AddParameter): Name = "Ten_Linh_Kien"; Value = "T? 0805 22P 10% 50V"; VariantName = "[No Variations]"
Added Component: Designator=C3(tu 0805)
Add component (AddParameter): Name = "Chung_Loai"; Value = "Dán"; VariantName = "[No Variations]"
Add component (AddParameter): Name = "Don_Vi"; Value = "Con"; VariantName = "[No Variations]"
Add component (AddParameter): Name = "Kieu_Chan"; Value = ""; VariantName = "[No Variations]"
Add component (AddParameter): Name = "Ma_Hang"; Value = "MH004560"; VariantName = "[No Variations]"
Add component (AddParameter): Name = "So_Chan"; Value = "2"; VariantName = "[No Variations]"
Add component (AddParameter): Name = "Ten_Linh_Kien"; Value = "T? 0805 22P 10% 50V"; VariantName = "[No Variations]"
Added Component: Designator=C?(tu 0805)
Add component (AddParameter): Name = "Chung_Loai"; Value = "Dán"; VariantName = "[No Variations]"
Add component (AddParameter): Name = "Don_Vi"; Value = "Con"; VariantName = "[No Variations]"
Add component (AddParameter): Name = "Kieu_Chan"; Value = ""; VariantName = "[No Variations]"
Add component (AddParameter): Name = "Ma_Hang"; Value = "MH004552"; VariantName = "[No Variations]"
Add component (AddParameter): Name = "So_Chan"; Value = "2"; VariantName = "[No Variations]"
Add component (AddParameter): Name = "Ten_Linh_Kien"; Value = "T? 0805 105-1uF 10% 50V"; VariantName = "[No Variations]"
Added Component: Designator=R?(tro smd 0805)
Add component (AddParameter): Name = "Chung_Loai"; Value = "Dán"; VariantName = "[No Variations]"
Add component (AddParameter): Name = "Don_Vi"; Value = "Con"; VariantName = "[No Variations]"
Add component (AddParameter): Name = "Kieu_Chan"; Value = ""; VariantName = "[No Variations]"
Add component (AddParameter): Name = "Ma_Hang"; Value = "MH005473"; VariantName = "[No Variations]"
Add component (AddParameter): Name = "So_Chan"; Value = "2"; VariantName = "[No Variations]"
Add component (AddParameter): Name = "Ten_Linh_Kien"; Value = "Tr? 0805 1% 10k"; VariantName = "[No Variations]"
Added Component: Designator=R?(tro smd 0805)
Add component (AddParameter): Name = "Chung_Loai"; Value = "Dán"; VariantName = "[No Variations]"
Add component (AddParameter): Name = "Don_Vi"; Value = "Con"; VariantName = "[No Variations]"
Add component (AddParameter): Name = "Kieu_Chan"; Value = ""; VariantName = "[No Variations]"
Add component (AddParameter): Name = "Ma_Hang"; Value = "MH005473"; VariantName = "[No Variations]"
Add component (AddParameter): Name = "So_Chan"; Value = "2"; VariantName = "[No Variations]"
Add component (AddParameter): Name = "Ten_Linh_Kien"; Value = "Tr? 0805 1% 10k"; VariantName = "[No Variations]"
Added Component: Designator=SW?(SW1-SMD)
Add component (AddParameter): Name = "Value"; Value = "SW chip 2 pin"; VariantName = "[No Variations]"
Added Component: Designator=Y1(Thach Anh 2 chan cam)
Add component (AddParameter): Name = "Value"; Value = "4Mhz"; VariantName = "[No Variations]"
Added Pin To Net: NetName=OSCIN Pin=C2-1
Added Pin To Net: NetName=GND Pin=C2-2
Added Pin To Net: NetName=OSCOUT Pin=C3-1
Added Pin To Net: NetName=GND Pin=C3-2
Added Pin To Net: NetName=RESET Pin=C?-1
Added Pin To Net: NetName=GND Pin=C?-2
Added Pin To Net: NetName=OUT1 Pin=Q2-2
Added Pin To Net: NetName=3.3V Pin=R1-1
Added Pin To Net: NetName=3.3V Pin=R3-2
Added Pin To Net: NetName=GND Pin=R?-1
Added Pin To Net: NetName=RESET Pin=R?-1
Added Pin To Net: NetName=BOOT0 Pin=R?-2
Added Pin To Net: NetName=VCC3V3 Pin=R?-2
Added Pin To Net: NetName=GND Pin=SW?-1
Added Pin To Net: NetName=RESET Pin=SW?-2
Added Pin To Net: NetName=OSCOUT Pin=Y1-1
Added Pin To Net: NetName=OSCIN Pin=Y1-2
Change Net Name : Old Net Name=VCC3V3 New Net Name=3V3
Added Pin To Net: NetName=24V Pin=Q2-1
Added Pin To Net: NetName=24V Pin=R4-2
Added Net: Name=24V
Added Pin To Net: NetName=GND_3.3 Pin=R5-1
Added Net: Name=GND_3.3
Added Pin To Net: NetName=GND_24 Pin=DIO1-1
Added Pin To Net: NetName=GND_24 Pin=U1-3
Added Pin To Net: NetName=GND_24 Pin=U2-2
Added Net: Name=GND_24
Added Pin To Net: NetName=NetQ2_3 Pin=Q2-3
Added Pin To Net: NetName=NetQ2_3 Pin=R2-2
Added Pin To Net: NetName=NetQ2_3 Pin=R4-1
Added Net: Name=NetQ2_3
Added Pin To Net: NetName=NetR3_1 Pin=R3-1
Added Pin To Net: NetName=NetR3_1 Pin=U2-4
Added Net: Name=NetR3_1
Added Pin To Net: NetName=NetR6_2 Pin=R6-2
Added Pin To Net: NetName=NetR6_2 Pin=U2-1
Added Net: Name=NetR6_2
Added Member To Class: ClassName=board Member=Component C1 104
Added Member To Class: ClassName=board Member=Component C2 22pF
Added Member To Class: ClassName=board Member=Component C3 22pF
Added Member To Class: ClassName=board Member=Component C? 105
Added Member To Class: ClassName=board Member=Component R? 10k
Added Member To Class: ClassName=board Member=Component R? 10k
Added Member To Class: ClassName=board Member=Component SW? SW
Added Member To Class: ClassName=board Member=Component Y1 8Mhz
