Removed Pin From Net: NetName=3.3V Pin=R69-2
Removed Pin From Net: NetName=EN_B Pin=U3-12
Added Pin To Net: NetName=3.3V Pin=AMS1-2
Added Pin To Net: NetName=3.3V Pin=AMS1-4
Added Pin To Net: NetName=3.3V Pin=C2-1
Added Pin To Net: NetName=3.3V Pin=C3-1
Added Pin To Net: NetName=3.3V Pin=C4-1
Added Pin To Net: NetName=3.3V Pin=C5-1
Added Pin To Net: NetName=3.3V Pin=C12-1
Added Pin To Net: NetName=3.3V Pin=H1-1
Added Pin To Net: NetName=24V_OUT Pin=Q13-1
Added Pin To Net: NetName=3.3V Pin=R9-2
Added Pin To Net: NetName=3.3V Pin=R12-2
Added Pin To Net: NetName=24V_OUT Pin=R85-2
Added Pin To Net: NetName=3.3V Pin=U3-1
Added Pin To Net: NetName=3.3V Pin=U3-9
Added Pin To Net: NetName=3.3V Pin=U3-24
Added Pin To Net: NetName=3.3V Pin=U3-36
Added Pin To Net: NetName=3.3V Pin=U3-48
Change Net Name : Old Net Name=3.3V New Net Name=3V3
Added Member To Class: ClassName=board Member=Component C8 1uF
Added Room: Name=board
