Added Component: Designator=DIO1(DIO-SMD-106)
Add component (AddParameter): Name = "Code - JEDEC"; Value = "DO-214-AB"; VariantName = "[No Variations]"
Add component (AddParameter): Name = "Published"; Value = "8-Jun-2000"; VariantName = "[No Variations]"
Add component (AddParameter): Name = "Publisher"; Value = "Altium Limited"; VariantName = "[No Variations]"
Add component (AddParameter): Name = "Revision"; Value = "July-2002: Re-released for DXP Platform."; VariantName = "[No Variations]"
Add component (AddParameter): Name = "Value"; Value = "1N5007"; VariantName = "[No Variations]"
Added Component: Designator=L1(LED-0805-Green)
Add component (AddParameter): Name = "Chung_Loai"; Value = "Dán"; VariantName = "[No Variations]"
Add component (AddParameter): Name = "Don_Vi"; Value = "Con"; VariantName = "[No Variations]"
Add component (AddParameter): Name = "Ghi_Chu"; Value = ""; VariantName = "[No Variations]"
Add component (AddParameter): Name = "Kieu_Chan"; Value = ""; VariantName = "[No Variations]"
Add component (AddParameter): Name = "Ma_Hang"; Value = "MH002326"; VariantName = "[No Variations]"
Add component (AddParameter): Name = "Ten_Linh_Kien"; Value = "LED 0805 Màu Xanh Lá (Green)"; VariantName = "[No Variations]"
Added Component: Designator=L2(LED-0805-Green)
Add component (AddParameter): Name = "Chung_Loai"; Value = "Dán"; VariantName = "[No Variations]"
Add component (AddParameter): Name = "Don_Vi"; Value = "Con"; VariantName = "[No Variations]"
Add component (AddParameter): Name = "Ghi_Chu"; Value = ""; VariantName = "[No Variations]"
Add component (AddParameter): Name = "Kieu_Chan"; Value = ""; VariantName = "[No Variations]"
Add component (AddParameter): Name = "Ma_Hang"; Value = "MH002326"; VariantName = "[No Variations]"
Add component (AddParameter): Name = "Ten_Linh_Kien"; Value = "LED 0805 Màu Xanh Lá (Green)"; VariantName = "[No Variations]"
Added Component: Designator=Q1(DPAK)
Add component (AddParameter): Name = "LatestRevisionDate"; Value = "17-Jul-2002"; VariantName = "[No Variations]"
Add component (AddParameter): Name = "LatestRevisionNote"; Value = "Re-released for DXP Platform."; VariantName = "[No Variations]"
Add component (AddParameter): Name = "PackageReference"; Value = "E3"; VariantName = "[No Variations]"
Add component (AddParameter): Name = "PackageVersion"; Value = "1995/1996"; VariantName = "[No Variations]"
Add component (AddParameter): Name = "Published"; Value = "8-Jun-2000"; VariantName = "[No Variations]"
Add component (AddParameter): Name = "Publisher"; Value = "Altium Limited"; VariantName = "[No Variations]"
Added Component: Designator=Q2(TO92-123)
Add component (AddParameter): Name = "Value"; Value = "A1015"; VariantName = "[No Variations]"
Added Component: Designator=R1(tro smd 0603)
Add component (AddParameter): Name = "Chung_Loai"; Value = "Dán"; VariantName = "[No Variations]"
Add component (AddParameter): Name = "Don_Vi"; Value = "Con"; VariantName = "[No Variations]"
Add component (AddParameter): Name = "Kieu_Chan"; Value = ""; VariantName = "[No Variations]"
Add component (AddParameter): Name = "Ma_Hang"; Value = "MH006910"; VariantName = "[No Variations]"
Add component (AddParameter): Name = "So_Chan"; Value = "2"; VariantName = "[No Variations]"
Add component (AddParameter): Name = "Ten_Linh_Kien"; Value = "Tr? 0603 5% 330R"; VariantName = "[No Variations]"
Added Component: Designator=R2(tro smd 0805)
Add component (AddParameter): Name = "Chung_Loai"; Value = "Dán"; VariantName = "[No Variations]"
Add component (AddParameter): Name = "Don_Vi"; Value = "Con"; VariantName = "[No Variations]"
Add component (AddParameter): Name = "Kieu_Chan"; Value = ""; VariantName = "[No Variations]"
Add component (AddParameter): Name = "Ma_Hang"; Value = "MH005468"; VariantName = "[No Variations]"
Add component (AddParameter): Name = "So_Chan"; Value = "2"; VariantName = "[No Variations]"
Add component (AddParameter): Name = "Ten_Linh_Kien"; Value = "Tr? 0805 1% 1k"; VariantName = "[No Variations]"
Added Component: Designator=R3(tro smd 0805)
Add component (AddParameter): Name = "Chung_Loai"; Value = "Dán"; VariantName = "[No Variations]"
Add component (AddParameter): Name = "Don_Vi"; Value = "Con"; VariantName = "[No Variations]"
Add component (AddParameter): Name = "Kieu_Chan"; Value = ""; VariantName = "[No Variations]"
Add component (AddParameter): Name = "Ma_Hang"; Value = "MH005234"; VariantName = "[No Variations]"
Add component (AddParameter): Name = "So_Chan"; Value = "2"; VariantName = "[No Variations]"
Add component (AddParameter): Name = "Ten_Linh_Kien"; Value = "Tr? 0805 5% 1k"; VariantName = "[No Variations]"
Added Component: Designator=R4(tro smd 0805)
Add component (AddParameter): Name = "Chung_Loai"; Value = "Dán"; VariantName = "[No Variations]"
Add component (AddParameter): Name = "Don_Vi"; Value = "Con"; VariantName = "[No Variations]"
Add component (AddParameter): Name = "Kieu_Chan"; Value = ""; VariantName = "[No Variations]"
Add component (AddParameter): Name = "Ma_Hang"; Value = "MH005473"; VariantName = "[No Variations]"
Add component (AddParameter): Name = "So_Chan"; Value = "2"; VariantName = "[No Variations]"
Add component (AddParameter): Name = "Ten_Linh_Kien"; Value = "Tr? 0805 1% 10k"; VariantName = "[No Variations]"
Added Component: Designator=R5(tro smd 0805)
Add component (AddParameter): Name = "Chung_Loai"; Value = "Dán"; VariantName = "[No Variations]"
Add component (AddParameter): Name = "Don_Vi"; Value = "Con"; VariantName = "[No Variations]"
Add component (AddParameter): Name = "Kieu_Chan"; Value = ""; VariantName = "[No Variations]"
Add component (AddParameter): Name = "Ma_Hang"; Value = "MH005239"; VariantName = "[No Variations]"
Add component (AddParameter): Name = "So_Chan"; Value = "2"; VariantName = "[No Variations]"
Add component (AddParameter): Name = "Ten_Linh_Kien"; Value = "Tr? 0805 5% 10k"; VariantName = "[No Variations]"
Added Component: Designator=R6(tro smd 0805)
Add component (AddParameter): Name = "Chung_Loai"; Value = "Dán"; VariantName = "[No Variations]"
Add component (AddParameter): Name = "Don_Vi"; Value = "Con"; VariantName = "[No Variations]"
Add component (AddParameter): Name = "Kieu_Chan"; Value = ""; VariantName = "[No Variations]"
Add component (AddParameter): Name = "Ma_Hang"; Value = "MH005234"; VariantName = "[No Variations]"
Add component (AddParameter): Name = "So_Chan"; Value = "2"; VariantName = "[No Variations]"
Add component (AddParameter): Name = "Ten_Linh_Kien"; Value = "Tr? 0805 5% 1k"; VariantName = "[No Variations]"
Added Component: Designator=U1(DIP4)
Add component (AddParameter): Name = "Value"; Value = "PC817"; VariantName = "[No Variations]"
Added Component: Designator=U2(DIP4)
Add component (AddParameter): Name = "Value"; Value = "PC817"; VariantName = "[No Variations]"
Added Component: Designator=U3(LQFP48_L)
Add component (AddParameter): Name = "ComponentLink1Description"; Value = "Manufacturer Link"; VariantName = "[No Variations]"
Add component (AddParameter): Name = "ComponentLink1URL"; Value = "www.st.com/stm32"; VariantName = "[No Variations]"
Add component (AddParameter): Name = "ComponentLink2Description"; Value = "Datasheet"; VariantName = "[No Variations]"
Add component (AddParameter): Name = "ComponentLink2URL"; Value = "http://www.st.com/stonline/products/literature/ds/13587.pdf"; VariantName = "[No Variations]"
Add component (AddParameter): Name = "DatasheetVersion"; Value = "rev6, Mar-2008"; VariantName = "[No Variations]"
Add component (AddParameter): Name = "PackageDescription"; Value = "48-Pin Low-Profile Quad Flat Pack, 7 x 7 mm Body, 0.5 mm Pitch (LQFP48)"; VariantName = "[No Variations]"
Add component (AddParameter): Name = "PackageReference"; Value = "LQFP48"; VariantName = "[No Variations]"
Add component (AddParameter): Name = "PackageVersion"; Value = "Mar-2008"; VariantName = "[No Variations]"
Add component (AddParameter): Name = "Published"; Value = "30-May-2008"; VariantName = "[No Variations]"
Add component (AddParameter): Name = "Publisher"; Value = "Altium Limited"; VariantName = "[No Variations]"
Added Pin To Net: NetName=3.3V Pin=U2-4
Added Net: Name=3.3V
Added Pin To Net: NetName=BOOT0 Pin=U3-44
Added Net: Name=BOOT0
Added Pin To Net: NetName=GND Pin=DIO1-1
Added Pin To Net: NetName=GND Pin=L2-2
Added Pin To Net: NetName=GND Pin=R5-1
Added Pin To Net: NetName=GND Pin=U1-2
Added Pin To Net: NetName=GND Pin=U1-3
Added Pin To Net: NetName=GND Pin=U3-8
Added Pin To Net: NetName=GND Pin=U3-23
Added Pin To Net: NetName=GND Pin=U3-35
Added Pin To Net: NetName=GND Pin=U3-47
Added Net: Name=GND
Added Pin To Net: NetName=I1 Pin=R3-1
Added Net: Name=I1
Added Pin To Net: NetName=IN1 Pin=R1-1
Added Net: Name=IN1
Added Pin To Net: NetName=NetL1_1 Pin=L1-1
Added Pin To Net: NetName=NetL1_1 Pin=R1-2
Added Net: Name=NetL1_1
Added Pin To Net: NetName=NetL1_2 Pin=L1-2
Added Pin To Net: NetName=NetL1_2 Pin=U1-1
Added Net: Name=NetL1_2
Added Pin To Net: NetName=NetL2_1 Pin=L2-1
Added Pin To Net: NetName=NetL2_1 Pin=R6-2
Added Net: Name=NetL2_1
Added Pin To Net: NetName=NetQ1_2 Pin=Q1-3
Added Pin To Net: NetName=NetQ1_2 Pin=R2-2
Added Pin To Net: NetName=NetQ1_2 Pin=R4-1
Added Net: Name=NetQ1_2
Added Pin To Net: NetName=NetR2_1 Pin=R2-1
Added Pin To Net: NetName=NetR2_1 Pin=R4-2
Added Pin To Net: NetName=NetR2_1 Pin=U1-4
Added Net: Name=NetR2_1
Added Pin To Net: NetName=NetR3_2 Pin=R3-2
Added Pin To Net: NetName=NetR3_2 Pin=U2-1
Added Net: Name=NetR3_2
Added Pin To Net: NetName=NetR5_2 Pin=R5-2
Added Pin To Net: NetName=NetR5_2 Pin=U2-3
Added Net: Name=NetR5_2
Added Pin To Net: NetName=NetR6_1 Pin=R6-1
Added Pin To Net: NetName=NetR6_1 Pin=U2-2
Added Net: Name=NetR6_1
Added Pin To Net: NetName=OSCIN Pin=U3-5
Added Net: Name=OSCIN
Added Pin To Net: NetName=OSCOUT Pin=U3-6
Added Net: Name=OSCOUT
Added Pin To Net: NetName=OUT1 Pin=DIO1-2
Added Pin To Net: NetName=OUT1 Pin=Q1-1
Added Net: Name=OUT1
Added Pin To Net: NetName=PA0 Pin=U3-10
Added Net: Name=PA0
Added Pin To Net: NetName=PA1 Pin=U3-11
Added Net: Name=PA1
Added Pin To Net: NetName=PA2 Pin=U3-12
Added Net: Name=PA2
Added Pin To Net: NetName=PA3 Pin=U3-13
Added Net: Name=PA3
Added Pin To Net: NetName=PA4 Pin=U3-14
Added Net: Name=PA4
Added Pin To Net: NetName=PA5 Pin=U3-15
Added Net: Name=PA5
Added Pin To Net: NetName=PA6 Pin=U3-16
Added Net: Name=PA6
Added Pin To Net: NetName=PA7 Pin=U3-17
Added Net: Name=PA7
Added Pin To Net: NetName=PA8 Pin=U3-29
Added Net: Name=PA8
Added Pin To Net: NetName=PA9 Pin=U3-30
Added Net: Name=PA9
Added Pin To Net: NetName=PA10 Pin=U3-31
Added Net: Name=PA10
Added Pin To Net: NetName=PA11 Pin=U3-32
Added Net: Name=PA11
Added Pin To Net: NetName=PA12 Pin=U3-33
Added Net: Name=PA12
Added Pin To Net: NetName=PA13 Pin=U3-34
Added Net: Name=PA13
Added Pin To Net: NetName=PA14 Pin=U3-37
Added Net: Name=PA14
Added Pin To Net: NetName=PA15 Pin=U3-38
Added Net: Name=PA15
Added Pin To Net: NetName=PB0 Pin=U3-18
Added Net: Name=PB0
Added Pin To Net: NetName=PB1 Pin=U3-19
Added Net: Name=PB1
Added Pin To Net: NetName=PB2 Pin=U3-20
Added Net: Name=PB2
Added Pin To Net: NetName=PB3 Pin=U3-39
Added Net: Name=PB3
Added Pin To Net: NetName=PB4 Pin=U3-40
Added Net: Name=PB4
Added Pin To Net: NetName=PB5 Pin=U3-41
Added Net: Name=PB5
Added Pin To Net: NetName=PB6 Pin=U3-42
Added Net: Name=PB6
Added Pin To Net: NetName=PB7 Pin=U3-43
Added Net: Name=PB7
Added Pin To Net: NetName=PB8 Pin=U3-45
Added Net: Name=PB8
Added Pin To Net: NetName=PB9 Pin=U3-46
Added Net: Name=PB9
Added Pin To Net: NetName=PB10 Pin=U3-21
Added Net: Name=PB10
Added Pin To Net: NetName=PB11 Pin=U3-22
Added Net: Name=PB11
Added Pin To Net: NetName=PB12 Pin=U3-25
Added Net: Name=PB12
Added Pin To Net: NetName=PB13 Pin=U3-26
Added Net: Name=PB13
Added Pin To Net: NetName=PB14 Pin=U3-27
Added Net: Name=PB14
Added Pin To Net: NetName=PB15 Pin=U3-28
Added Net: Name=PB15
Added Pin To Net: NetName=PC13 Pin=U3-2
Added Net: Name=PC13
Added Pin To Net: NetName=PC14 Pin=U3-3
Added Net: Name=PC14
Added Pin To Net: NetName=PC15 Pin=U3-4
Added Net: Name=PC15
Added Pin To Net: NetName=RESET Pin=U3-7
Added Net: Name=RESET
Added Pin To Net: NetName=VBAT Pin=U3-1
Added Net: Name=VBAT
Added Pin To Net: NetName=VCC3V3 Pin=U3-9
Added Pin To Net: NetName=VCC3V3 Pin=U3-24
Added Pin To Net: NetName=VCC3V3 Pin=U3-36
Added Pin To Net: NetName=VCC3V3 Pin=U3-48
Added Net: Name=VCC3V3
Added Class: Name=board
Added Room: Name=board
