Change Component Designator: Old Designator=DIO? New Designator=DIO2
Change Component Designator: Old Designator=DIO? New Designator=DIO3
Change Component Designator: Old Designator=DIO? New Designator=DIO4
Change Component Designator: Old Designator=DIO? New Designator=DIO5
Change Component Designator: Old Designator=DIO? New Designator=DIO6
Change Component Designator: Old Designator=DIO? New Designator=DIO7
Change Component Designator: Old Designator=DIO? New Designator=DIO8
Change Component Designator: Old Designator=DIO? New Designator=DIO9
Change Component Designator: Old Designator=DIO? New Designator=DIO10
Change Component Designator: Old Designator=DIO? New Designator=DIO11
Change Component Designator: Old Designator=DIO? New Designator=DIO12
Change Component Designator: Old Designator=DIO? New Designator=DIO13
Change Component Designator: Old Designator=DIO? New Designator=DIO14
Change Component Designator: Old Designator=L? New Designator=L5
Change Component Designator: Old Designator=L? New Designator=L7
Change Component Designator: Old Designator=L? New Designator=L10
Change Component Designator: Old Designator=L? New Designator=L11
Change Component Designator: Old Designator=L? New Designator=L12
Change Component Designator: Old Designator=L? New Designator=L17
Change Component Designator: Old Designator=L? New Designator=L18
Change Component Designator: Old Designator=L? New Designator=L21
Change Component Designator: Old Designator=L? New Designator=L22
Change Component Designator: Old Designator=L? New Designator=L25
Change Component Designator: Old Designator=L? New Designator=L26
Change Component Designator: Old Designator=L? New Designator=L29
Change Component Designator: Old Designator=L? New Designator=L30
Change Component Designator: Old Designator=Q? New Designator=Q2
Change Component Designator: Old Designator=Q? New Designator=Q3
Change Component Designator: Old Designator=Q? New Designator=Q4
Change Component Designator: Old Designator=Q? New Designator=Q5
Change Component Designator: Old Designator=Q? New Designator=Q6
Change Component Designator: Old Designator=Q? New Designator=Q7
Change Component Designator: Old Designator=Q? New Designator=Q8
Change Component Designator: Old Designator=Q? New Designator=Q9
Change Component Designator: Old Designator=Q? New Designator=Q10
Change Component Designator: Old Designator=Q? New Designator=Q11
Change Component Designator: Old Designator=Q? New Designator=Q12
Change Component Designator: Old Designator=Q? New Designator=Q13
Change Component Designator: Old Designator=Q? New Designator=Q14
Change Component Designator: Old Designator=R? New Designator=R9
Change Component Designator: Old Designator=R? New Designator=R10
Change Component Designator: Old Designator=R? New Designator=R13
Change Component Designator: Old Designator=R? New Designator=R16
Change Component Designator: Old Designator=R? New Designator=R18
Change Component Designator: Old Designator=R? New Designator=R19
Change Component Designator: Old Designator=R? New Designator=R20
Change Component Designator: Old Designator=R? New Designator=R21
Change Component Designator: Old Designator=R? New Designator=R23
Change Component Designator: Old Designator=R? New Designator=R24
Change Component Designator: Old Designator=R? New Designator=R25
Change Component Designator: Old Designator=R? New Designator=R26
Change Component Designator: Old Designator=R? New Designator=R27
Change Component Designator: Old Designator=R? New Designator=R28
Change Component Designator: Old Designator=R? New Designator=R31
Change Component Designator: Old Designator=R? New Designator=R32
Change Component Designator: Old Designator=R? New Designator=R33
Change Component Designator: Old Designator=R? New Designator=R34
Change Component Designator: Old Designator=R? New Designator=R35
Change Component Designator: Old Designator=R? New Designator=R36
Change Component Designator: Old Designator=R? New Designator=R37
Change Component Designator: Old Designator=R? New Designator=R38
Change Component Designator: Old Designator=R? New Designator=R39
Change Component Designator: Old Designator=R? New Designator=R40
Change Component Designator: Old Designator=R? New Designator=R41
Change Component Designator: Old Designator=R? New Designator=R42
Change Component Designator: Old Designator=R? New Designator=R45
Change Component Designator: Old Designator=R? New Designator=R46
Change Component Designator: Old Designator=R? New Designator=R47
Change Component Designator: Old Designator=R? New Designator=R48
Change Component Designator: Old Designator=R? New Designator=R49
Change Component Designator: Old Designator=R? New Designator=R50
Change Component Designator: Old Designator=R? New Designator=R51
Change Component Designator: Old Designator=R? New Designator=R52
Change Component Designator: Old Designator=R? New Designator=R53
Change Component Designator: Old Designator=R? New Designator=R54
Change Component Designator: Old Designator=R? New Designator=R57
Change Component Designator: Old Designator=R? New Designator=R58
Change Component Designator: Old Designator=R? New Designator=R59
Change Component Designator: Old Designator=R? New Designator=R60
Change Component Designator: Old Designator=R? New Designator=R61
Change Component Designator: Old Designator=R? New Designator=R62
Change Component Designator: Old Designator=R? New Designator=R63
Change Component Designator: Old Designator=R? New Designator=R64
Change Component Designator: Old Designator=R? New Designator=R67
Change Component Designator: Old Designator=R? New Designator=R68
Change Component Designator: Old Designator=R? New Designator=R69
Change Component Designator: Old Designator=R? New Designator=R70
Change Component Designator: Old Designator=R? New Designator=R71
Change Component Designator: Old Designator=R? New Designator=R72
Change Component Designator: Old Designator=R? New Designator=R75
Change Component Designator: Old Designator=R? New Designator=R76
Change Component Designator: Old Designator=R? New Designator=R77
Change Component Designator: Old Designator=R? New Designator=R78
Change Component Designator: Old Designator=U? New Designator=U5
Change Component Designator: Old Designator=U? New Designator=U6
Change Component Designator: Old Designator=U? New Designator=U9
Change Component Designator: Old Designator=U? New Designator=U10
Change Component Designator: Old Designator=U? New Designator=U11
Change Component Designator: Old Designator=U? New Designator=U14
Change Component Designator: Old Designator=U? New Designator=U15
Change Component Designator: Old Designator=U? New Designator=U18
Change Component Designator: Old Designator=U? New Designator=U19
Change Component Designator: Old Designator=U? New Designator=U24
Change Component Designator: Old Designator=U? New Designator=U25
Change Component Designator: Old Designator=U? New Designator=U28
Change Component Designator: Old Designator=U? New Designator=U29
Change Component Designator: Old Designator=Y? New Designator=Y1
